<?xml version="1.0" encoding="UTF-8"?>
<!-- Generated by org.testng.reporters.JUnitReportReporter -->
<testsuite hostname="DESKTOP-MBGLN98" failures="0" tests="1" name="com.OrangeHRM.OrangeHRMTest" time="78.541" errors="0" timestamp="2022-09-26T15:53:30 IST" skipped="0">
  <testcase classname="com.OrangeHRM.OrangeHRMTest" name="orangeHRMTest" time="78.541"/>
  <system-out/>
</testsuite> <!-- com.OrangeHRM.OrangeHRMTest -->
